<?xml version="1.0" encoding="UTF-8"?>
<!-- Generated by org.testng.reporters.JUnitReportReporter -->
<testsuite hostname="LAPTOP-VD3S5LO8" failures="0" tests="3" name="testCases.Index_Page_Test" time="70.171" errors="0" timestamp="2024-04-20T10:09:59 IST" skipped="0">
  <testcase classname="testCases.Index_Page_Test" name="validateIHPLogo" time="0.076"/>
  <testcase classname="testCases.Index_Page_Test" name="ValidatePageTitle" time="0.149"/>
  <testcase classname="testCases.Index_Page_Test" name="Validate_SignINAsJobSeeker" time="69.946"/>
</testsuite> <!-- testCases.Index_Page_Test -->
