<?xml version="1.0" encoding="UTF-8"?>
<!-- Generated by org.testng.reporters.JUnitReportReporter -->
<testsuite hostname="LAPTOP-VD3S5LO8" failures="0" tests="2" name="testCases.TC_002_LoginTest" time="6.141" errors="0" timestamp="2024-04-20T09:16:05 IST" skipped="0">
  <testcase classname="testCases.TC_002_LoginTest" name="ValidatePageTitle" time="3.108"/>
  <testcase classname="testCases.TC_002_LoginTest" name="validateIHPLogo" time="3.033"/>
</testsuite> <!-- testCases.TC_002_LoginTest -->
